{"name":"FS","hostname":"WGU-M-40EA","pid":73341,"level":30,"msg":"HTTS Server start. FS Server Type=3","time":"2015-06-21T20:13:17.937Z","v":0}
{"name":"FS","hostname":"WGU-M-40EA","pid":73341,"level":30,"msg":"Uploading: ico-alert.png","time":"2015-06-21T20:13:51.221Z","v":0}
{"name":"FS","hostname":"WGU-M-40EA","pid":74314,"level":30,"msg":"HTTS Server start. FS Server Type=3","time":"2015-06-21T20:15:37.187Z","v":0}
{"name":"FS","hostname":"WGU-M-40EA","pid":74314,"level":30,"msg":"Uploading: ico-alert.png","time":"2015-06-21T20:15:44.110Z","v":0}
{"name":"FS","hostname":"WGU-M-40EA","pid":74619,"level":30,"msg":"HTTS Server start. FS Server Type=3","time":"2015-06-21T20:17:33.941Z","v":0}
{"name":"FS","hostname":"WGU-M-40EA","pid":74619,"level":30,"msg":"Uploading: ico-10-del.png","time":"2015-06-21T20:18:15.148Z","v":0}
{"name":"FS","hostname":"WGU-M-40EA","pid":75583,"level":30,"msg":"HTTS Server start. FS Server Type=3","time":"2015-06-21T20:19:45.375Z","v":0}
{"name":"FS","hostname":"WGU-M-40EA","pid":75583,"level":30,"msg":"Uploading: ico-10-del.png","time":"2015-06-21T20:19:51.222Z","v":0}
{"name":"FS","hostname":"WGU-M-40EA","pid":75702,"level":30,"msg":"HTTS Server start. FS Server Type=3","time":"2015-06-21T20:20:31.521Z","v":0}
{"name":"FS","hostname":"WGU-M-40EA","pid":75702,"level":30,"msg":"Uploading: ico-10-del.png","time":"2015-06-21T20:20:36.127Z","v":0}
{"name":"FS","hostname":"WGU-M-40EA","pid":75786,"level":30,"msg":"HTTS Server start. FS Server Type=3","time":"2015-06-21T20:20:55.804Z","v":0}
{"name":"FS","hostname":"WGU-M-40EA","pid":75786,"level":30,"msg":"Uploading: ico-10-del.png","time":"2015-06-21T20:20:59.544Z","v":0}
{"name":"FS","hostname":"WGU-M-40EA","pid":76346,"level":30,"msg":"HTTS Server start. FS Server Type=3","time":"2015-06-21T20:22:31.973Z","v":0}
{"name":"FS","hostname":"WGU-M-40EA","pid":76346,"level":30,"msg":"Uploading: ico-alert.png","time":"2015-06-21T20:22:54.381Z","v":0}
{"name":"FS","hostname":"WGU-M-40EA","pid":87199,"level":30,"msg":"HTTS Server start. FS Server Type=3","time":"2015-06-21T20:57:00.249Z","v":0}
{"name":"FS","hostname":"WGU-M-40EA","pid":87199,"level":30,"msg":"Uploading: icon-pdf-32.png","time":"2015-06-21T20:57:25.495Z","v":0}
{"name":"FS","hostname":"WGU-M-40EA","pid":87905,"level":30,"msg":"HTTS Server start. FS Server Type=3","time":"2015-06-21T20:59:23.997Z","v":0}
{"name":"FS","hostname":"WGU-M-40EA","pid":87905,"level":30,"msg":"Uploading: loading.gif","time":"2015-06-21T20:59:33.845Z","v":0}
{"name":"FS","hostname":"WGU-M-40EA","pid":89202,"level":30,"msg":"HTTS Server start. FS Server Type=3","time":"2015-06-21T21:03:50.740Z","v":0}
{"name":"FS","hostname":"WGU-M-40EA","pid":89202,"level":30,"msg":"Uploading: ico-mc.png","time":"2015-06-21T21:04:14.461Z","v":0}
{"name":"FS","hostname":"WGU-M-40EA","pid":94965,"level":30,"msg":"HTTS Server start. FS Server Type=3","time":"2015-06-21T21:16:33.346Z","v":0}
{"name":"FS","hostname":"WGU-M-40EA","pid":94965,"level":30,"msg":"Uploading: ciscologo.png","time":"2015-06-21T21:16:52.095Z","v":0}
{"name":"FS","hostname":"WGU-M-40EA","pid":95536,"level":30,"msg":"HTTS Server start. FS Server Type=3","time":"2015-06-21T21:18:09.895Z","v":0}
{"name":"FS","hostname":"WGU-M-40EA","pid":95536,"level":30,"msg":"Uploading: 0120ppt.png","time":"2015-06-21T21:18:31.612Z","v":0}
{"name":"FS","hostname":"WGU-M-40EA","pid":97652,"level":30,"msg":"HTTS Server start. FS Server Type=3","time":"2015-06-21T21:24:55.314Z","v":0}
{"name":"FS","hostname":"WGU-M-40EA","pid":97652,"level":30,"msg":"Uploading: 0150folder.png","time":"2015-06-21T21:25:13.984Z","v":0}
{"name":"FS","hostname":"WGU-M-40EA","pid":98104,"level":30,"msg":"HTTS Server start. FS Server Type=3","time":"2015-06-21T21:25:44.679Z","v":0}
{"name":"FS","hostname":"WGU-M-40EA","pid":98104,"level":30,"msg":"Uploading: 0150folder.png","time":"2015-06-21T21:26:02.523Z","v":0}
{"name":"FS","hostname":"WGU-M-40EA","pid":98683,"level":30,"msg":"HTTS Server start. FS Server Type=3","time":"2015-06-21T21:27:29.913Z","v":0}
{"name":"FS","hostname":"WGU-M-40EA","pid":98683,"level":30,"msg":"Uploading: checkmark.png","time":"2015-06-21T21:27:53.536Z","v":0}
{"name":"FS","hostname":"WGU-M-40EA","pid":4163,"level":30,"msg":"HTTS Server start. FS Server Type=3","time":"2015-06-21T21:44:30.280Z","v":0}
{"name":"FS","hostname":"WGU-M-40EA","pid":5440,"level":30,"msg":"HTTS Server start. FS Server Type=3","time":"2015-06-21T21:48:49.333Z","v":0}
{"name":"FS","hostname":"WGU-M-40EA","pid":5440,"level":30,"msg":"Uploading: webex-meetings.png fieldObj=[object Object]","time":"2015-06-21T21:49:22.919Z","v":0}
{"name":"FS","hostname":"WGU-M-40EA","pid":18154,"level":30,"msg":"HTTS Server start. FS Server Type=3","time":"2015-06-21T22:28:52.255Z","v":0}
{"name":"FS","hostname":"WGU-M-40EA","pid":19232,"level":30,"msg":"HTTS Server start. FS Server Type=3","time":"2015-06-21T22:31:50.119Z","v":0}
{"name":"FS","hostname":"WGU-M-40EA","pid":19544,"level":30,"msg":"HTTS Server start. FS Server Type=3","time":"2015-06-21T22:32:41.050Z","v":0}
{"name":"FS","hostname":"WGU-M-40EA","pid":20116,"level":30,"msg":"HTTS Server start. FS Server Type=3","time":"2015-06-21T22:34:18.987Z","v":0}
{"name":"FS","hostname":"WGU-M-40EA","pid":20171,"level":30,"msg":"HTTS Server start. FS Server Type=3","time":"2015-06-21T22:34:36.649Z","v":0}
{"name":"FS","hostname":"WGU-M-40EA","pid":20684,"level":30,"msg":"HTTS Server start. FS Server Type=3","time":"2015-06-21T22:35:58.359Z","v":0}
{"name":"FS","hostname":"WGU-M-40EA","pid":20751,"level":30,"msg":"HTTS Server start. FS Server Type=3","time":"2015-06-21T22:36:22.367Z","v":0}
{"name":"FS","hostname":"WGU-M-40EA","pid":31018,"level":30,"msg":"HTTS Server start. FS Server Type=3","time":"2015-06-22T06:23:31.114Z","v":0}
{"name":"FS","hostname":"WGU-M-40EA","pid":31240,"level":30,"msg":"HTTS Server start. FS Server Type=3","time":"2015-06-22T06:25:03.653Z","v":0}
{"name":"FS","hostname":"WGU-M-40EA","pid":54823,"level":30,"msg":"HTTS Server start. FS Server Type=3","time":"2015-06-22T17:09:12.388Z","v":0}
{"name":"FS","hostname":"WGU-M-40EA","pid":55390,"level":30,"msg":"HTTS Server start. FS Server Type=3","time":"2015-06-22T17:10:36.196Z","v":0}
{"name":"FS","hostname":"WGU-M-40EA","pid":82362,"level":30,"msg":"HTTS Server start. FS Server Type=3","time":"2015-06-22T18:29:47.224Z","v":0}
{"name":"FS","hostname":"WGU-M-40EA","pid":87863,"level":30,"msg":"HTTS Server start. FS Server Type=3","time":"2015-06-22T18:48:05.106Z","v":0}
{"name":"FS","hostname":"WGU-M-40EA","pid":88459,"level":30,"msg":"HTTS Server start. FS Server Type=3","time":"2015-06-22T18:49:57.376Z","v":0}
{"name":"FS","hostname":"WGU-M-40EA","pid":89538,"level":30,"msg":"HTTS Server start. FS Server Type=3","time":"2015-06-22T18:52:49.306Z","v":0}
{"name":"FS","hostname":"WGU-M-40EA","pid":99538,"level":30,"msg":"HTTS Server start. FS Server Type=3","time":"2015-06-22T19:24:09.250Z","v":0}
{"name":"FS","hostname":"WGU-M-40EA","pid":1362,"level":30,"msg":"HTTS Server start. FS Server Type=3","time":"2015-06-22T19:27:58.245Z","v":0}
{"name":"FS","hostname":"WGU-M-40EA","pid":2591,"level":30,"msg":"HTTS Server start. FS Server Type=3","time":"2015-06-22T19:31:45.313Z","v":0}
{"name":"FS","hostname":"WGU-M-40EA","pid":3285,"level":30,"msg":"HTTS Server start. FS Server Type=3","time":"2015-06-22T19:34:04.393Z","v":0}
{"name":"FS","hostname":"WGU-M-40EA","pid":3964,"level":30,"msg":"HTTS Server start. FS Server Type=3","time":"2015-06-22T19:36:33.045Z","v":0}
{"name":"FS","hostname":"WGU-M-40EA","pid":4644,"level":30,"msg":"HTTS Server start. FS Server Type=3","time":"2015-06-22T19:38:52.769Z","v":0}
{"name":"FS","hostname":"WGU-M-40EA","pid":4699,"level":30,"msg":"HTTS Server start. FS Server Type=3","time":"2015-06-22T19:39:18.086Z","v":0}
{"name":"FS","hostname":"WGU-M-40EA","pid":4699,"level":30,"msg":"Uploading: 0040video.png fieldObj=[object Object]","time":"2015-06-22T19:40:21.718Z","v":0}
{"name":"FS","hostname":"WGU-M-40EA","pid":6503,"level":30,"msg":"HTTS Server start. FS Server Type=3","time":"2015-06-22T19:44:06.442Z","v":0}
{"name":"FS","hostname":"WGU-M-40EA","pid":7055,"level":30,"msg":"HTTS Server start. FS Server Type=3","time":"2015-06-22T19:45:46.104Z","v":0}
{"name":"FS","hostname":"WGU-M-40EA","pid":7055,"level":30,"msg":"Uploading: 0120ppt.png fieldObj=[object Object]","time":"2015-06-22T19:46:30.743Z","v":0}
{"name":"FS","hostname":"WGU-M-40EA","pid":7808,"level":30,"msg":"HTTS Server start. FS Server Type=3","time":"2015-06-22T19:48:37.341Z","v":0}
{"name":"FS","hostname":"WGU-M-40EA","pid":7890,"level":30,"msg":"HTTS Server start. FS Server Type=3","time":"2015-06-22T19:49:05.980Z","v":0}
{"name":"FS","hostname":"WGU-M-40EA","pid":87599,"level":30,"msg":"HTTS Server start. FS Server Type=3","time":"2015-06-22T23:46:44.274Z","v":0}
{"name":"FS","hostname":"WGU-M-40EA","pid":87656,"level":30,"msg":"HTTS Server start. FS Server Type=3","time":"2015-06-22T23:47:04.136Z","v":0}
{"name":"FS","hostname":"WGU-M-40EA","pid":87804,"level":30,"msg":"HTTS Server start. FS Server Type=3","time":"2015-06-22T23:48:01.487Z","v":0}
{"name":"FS","hostname":"WGU-M-40EA","pid":87804,"level":30,"msg":"Mongoose connected.","time":"2015-06-22T23:48:01.509Z","v":0}
{"name":"FS","hostname":"WGU-M-40EA","pid":88238,"level":30,"msg":"HTTS Server start. FS Server Type=3","time":"2015-06-22T23:48:45.703Z","v":0}
{"name":"FS","hostname":"WGU-M-40EA","pid":88238,"level":30,"msg":"Mongoose connected.","time":"2015-06-22T23:48:45.726Z","v":0}
{"name":"FS","hostname":"WGU-M-40EA","pid":24610,"level":30,"msg":"HTTS Server start. FS Server Type=3","time":"2015-06-23T20:02:17.355Z","v":0}
{"name":"FS","hostname":"WGU-M-40EA","pid":24610,"level":30,"msg":"Mongoose connected.","time":"2015-06-23T20:02:17.397Z","v":0}
